[Mon Jun 17 08:51:52.257003 2019] [ssl:error] [pid 30299] AH02032: Hostname www.tokopedia.com provided via SNI and hostname mila.gherdianto.com provided via HTTP have no compatible SSL setup
[Mon Jun 17 08:51:55.451063 2019] [ssl:error] [pid 30183] AH02032: Hostname www.kaskus.co.id provided via SNI and hostname mila.gherdianto.com provided via HTTP have no compatible SSL setup
[Thu Jun 27 03:32:03.593750 2019] [ssl:warn] [pid 26601] AH01909: monitoringtb.xyz:443:0 server certificate does NOT include an ID which matches the server name
[Thu Jun 27 03:32:09.429088 2019] [ssl:warn] [pid 26601] AH01909: monitoringtb.xyz:443:0 server certificate does NOT include an ID which matches the server name
[Thu Jun 27 06:25:05.320374 2019] [ssl:warn] [pid 26601] AH01909: monitoringtb.xyz:443:0 server certificate does NOT include an ID which matches the server name
[Fri Jun 28 06:25:04.788142 2019] [ssl:warn] [pid 26601] AH01909: monitoringtb.xyz:443:0 server certificate does NOT include an ID which matches the server name
[Sat Jun 29 06:25:08.445966 2019] [ssl:warn] [pid 26601] AH01909: monitoringtb.xyz:443:0 server certificate does NOT include an ID which matches the server name
[Sun Jun 30 06:25:05.067011 2019] [ssl:warn] [pid 26601] AH01909: monitoringtb.xyz:443:0 server certificate does NOT include an ID which matches the server name
[Sun Jun 30 13:13:11.224523 2019] [ssl:error] [pid 28320] AH02032: Hostname m provided via SNI and hostname monitoringtb.xyz provided via HTTP have no compatible SSL setup
[Sun Jun 30 13:13:11.395026 2019] [ssl:error] [pid 28409] AH02032: Hostname m provided via SNI and hostname monitoringtb.xyz provided via HTTP have no compatible SSL setup
[Sun Jun 30 13:13:11.569849 2019] [ssl:error] [pid 28318] AH02032: Hostname m provided via SNI and hostname monitoringtb.xyz provided via HTTP have no compatible SSL setup
[Sun Jun 30 13:13:11.802740 2019] [ssl:error] [pid 28319] AH02032: Hostname m provided via SNI and hostname monitoringtb.xyz provided via HTTP have no compatible SSL setup
[Sun Jun 30 13:13:11.985542 2019] [ssl:error] [pid 28317] AH02032: Hostname m provided via SNI and hostname monitoringtb.xyz provided via HTTP have no compatible SSL setup
[Sun Jun 30 13:13:12.157835 2019] [ssl:error] [pid 28321] AH02032: Hostname m provided via SNI and hostname monitoringtb.xyz provided via HTTP have no compatible SSL setup
[Sun Jun 30 13:13:12.326745 2019] [ssl:error] [pid 28320] AH02032: Hostname m provided via SNI and hostname monitoringtb.xyz provided via HTTP have no compatible SSL setup
[Sun Jun 30 13:13:12.502258 2019] [ssl:error] [pid 28409] AH02032: Hostname m provided via SNI and hostname monitoringtb.xyz provided via HTTP have no compatible SSL setup
[Sun Jun 30 13:13:12.683129 2019] [ssl:error] [pid 28318] AH02032: Hostname m provided via SNI and hostname monitoringtb.xyz provided via HTTP have no compatible SSL setup
[Sun Jun 30 13:13:12.861745 2019] [ssl:error] [pid 28319] AH02032: Hostname m provided via SNI and hostname monitoringtb.xyz provided via HTTP have no compatible SSL setup
[Sun Jun 30 13:13:13.040865 2019] [ssl:error] [pid 28317] AH02032: Hostname m provided via SNI and hostname monitoringtb.xyz provided via HTTP have no compatible SSL setup
[Sun Jun 30 13:13:13.214825 2019] [ssl:error] [pid 28321] AH02032: Hostname m provided via SNI and hostname monitoringtb.xyz provided via HTTP have no compatible SSL setup
[Sun Jun 30 13:13:13.387170 2019] [ssl:error] [pid 28320] AH02032: Hostname m provided via SNI and hostname monitoringtb.xyz provided via HTTP have no compatible SSL setup
[Sun Jun 30 13:13:13.566777 2019] [ssl:error] [pid 28409] AH02032: Hostname m provided via SNI and hostname monitoringtb.xyz provided via HTTP have no compatible SSL setup
[Sun Jun 30 13:13:13.738893 2019] [ssl:error] [pid 28318] AH02032: Hostname m provided via SNI and hostname monitoringtb.xyz provided via HTTP have no compatible SSL setup
[Sun Jun 30 14:47:01.318169 2019] [ssl:error] [pid 856] AH02032: Hostname m provided via SNI and hostname monitoringtb.xyz provided via HTTP have no compatible SSL setup
[Sun Jun 30 14:47:01.494530 2019] [ssl:error] [pid 28318] AH02032: Hostname m provided via SNI and hostname monitoringtb.xyz provided via HTTP have no compatible SSL setup
[Sun Jun 30 14:47:01.671175 2019] [ssl:error] [pid 28409] AH02032: Hostname m provided via SNI and hostname monitoringtb.xyz provided via HTTP have no compatible SSL setup
[Sun Jun 30 14:47:01.840686 2019] [ssl:error] [pid 28319] AH02032: Hostname m provided via SNI and hostname monitoringtb.xyz provided via HTTP have no compatible SSL setup
[Sun Jun 30 14:47:02.058521 2019] [ssl:error] [pid 28317] AH02032: Hostname m provided via SNI and hostname monitoringtb.xyz provided via HTTP have no compatible SSL setup
[Sun Jun 30 14:47:02.232257 2019] [ssl:error] [pid 852] AH02032: Hostname m provided via SNI and hostname monitoringtb.xyz provided via HTTP have no compatible SSL setup
[Sun Jun 30 14:47:02.406223 2019] [ssl:error] [pid 28320] AH02032: Hostname m provided via SNI and hostname monitoringtb.xyz provided via HTTP have no compatible SSL setup
[Sun Jun 30 14:47:02.582681 2019] [ssl:error] [pid 854] AH02032: Hostname m provided via SNI and hostname monitoringtb.xyz provided via HTTP have no compatible SSL setup
[Sun Jun 30 14:47:02.753927 2019] [ssl:error] [pid 28321] AH02032: Hostname m provided via SNI and hostname monitoringtb.xyz provided via HTTP have no compatible SSL setup
[Sun Jun 30 14:47:02.930574 2019] [ssl:error] [pid 855] AH02032: Hostname m provided via SNI and hostname monitoringtb.xyz provided via HTTP have no compatible SSL setup
[Sun Jun 30 14:47:03.101006 2019] [ssl:error] [pid 856] AH02032: Hostname m provided via SNI and hostname monitoringtb.xyz provided via HTTP have no compatible SSL setup
[Sun Jun 30 14:47:03.271573 2019] [ssl:error] [pid 28318] AH02032: Hostname m provided via SNI and hostname monitoringtb.xyz provided via HTTP have no compatible SSL setup
[Sun Jun 30 14:47:03.443223 2019] [ssl:error] [pid 28409] AH02032: Hostname m provided via SNI and hostname monitoringtb.xyz provided via HTTP have no compatible SSL setup
[Sun Jun 30 14:47:03.624498 2019] [ssl:error] [pid 28319] AH02032: Hostname m provided via SNI and hostname monitoringtb.xyz provided via HTTP have no compatible SSL setup
[Sun Jun 30 14:47:03.797380 2019] [ssl:error] [pid 28317] AH02032: Hostname m provided via SNI and hostname monitoringtb.xyz provided via HTTP have no compatible SSL setup
[Mon Jul 01 06:25:05.437693 2019] [ssl:warn] [pid 26601] AH01909: monitoringtb.xyz:443:0 server certificate does NOT include an ID which matches the server name
[Tue Jul 02 06:25:03.171930 2019] [ssl:warn] [pid 26601] AH01909: monitoringtb.xyz:443:0 server certificate does NOT include an ID which matches the server name
[Wed Jul 03 06:25:04.144666 2019] [ssl:warn] [pid 26601] AH01909: monitoringtb.xyz:443:0 server certificate does NOT include an ID which matches the server name
[Wed Jul 03 09:21:56.255920 2019] [ssl:warn] [pid 26601] AH01909: monitoringtb.xyz:443:0 server certificate does NOT include an ID which matches the server name
[Wed Jul 03 09:22:04.122819 2019] [ssl:warn] [pid 26601] AH01909: monitoringtb.xyz:443:0 server certificate does NOT include an ID which matches the server name
[Wed Jul 03 09:22:09.227878 2019] [ssl:warn] [pid 26601] AH01909: monitoringtb.xyz:443:0 server certificate does NOT include an ID which matches the server name
[Wed Jul 03 09:22:12.455413 2019] [ssl:warn] [pid 26601] AH01909: monitoringtb.xyz:443:0 server certificate does NOT include an ID which matches the server name
[Thu Jul 04 06:25:05.285122 2019] [ssl:warn] [pid 26601] AH01909: monitoringtb.xyz:443:0 server certificate does NOT include an ID which matches the server name
[Fri Jul 05 06:25:04.948111 2019] [ssl:warn] [pid 26601] AH01909: monitoringtb.xyz:443:0 server certificate does NOT include an ID which matches the server name
[Sat Jul 06 06:25:05.471255 2019] [ssl:warn] [pid 26601] AH01909: monitoringtb.xyz:443:0 server certificate does NOT include an ID which matches the server name
[Sun Jul 07 06:25:06.647866 2019] [ssl:warn] [pid 26601] AH01909: monitoringtb.xyz:443:0 server certificate does NOT include an ID which matches the server name
[Mon Jul 08 06:25:04.858404 2019] [ssl:warn] [pid 26601] AH01909: monitoringtb.xyz:443:0 server certificate does NOT include an ID which matches the server name
[Tue Jul 09 06:25:06.620980 2019] [ssl:warn] [pid 26601] AH01909: monitoringtb.xyz:443:0 server certificate does NOT include an ID which matches the server name
[Wed Jul 10 06:25:05.044268 2019] [ssl:warn] [pid 26601] AH01909: monitoringtb.xyz:443:0 server certificate does NOT include an ID which matches the server name
[Thu Jul 11 06:25:07.121475 2019] [ssl:warn] [pid 26601] AH01909: monitoringtb.xyz:443:0 server certificate does NOT include an ID which matches the server name
[Fri Jul 12 06:25:05.720301 2019] [ssl:warn] [pid 26601] AH01909: monitoringtb.xyz:443:0 server certificate does NOT include an ID which matches the server name
[Sat Jul 13 06:25:05.665541 2019] [ssl:warn] [pid 26601] AH01909: monitoringtb.xyz:443:0 server certificate does NOT include an ID which matches the server name
[Sun Jul 14 06:25:04.735603 2019] [ssl:warn] [pid 26601] AH01909: monitoringtb.xyz:443:0 server certificate does NOT include an ID which matches the server name
[Mon Jul 15 06:25:04.873739 2019] [ssl:warn] [pid 26601] AH01909: monitoringtb.xyz:443:0 server certificate does NOT include an ID which matches the server name
[Mon Jul 15 06:52:28.572971 2019] [ssl:warn] [pid 25624] AH01909: monitoringtb.xyz:443:0 server certificate does NOT include an ID which matches the server name
[Mon Jul 15 06:52:28.649507 2019] [ssl:warn] [pid 25628] AH01909: monitoringtb.xyz:443:0 server certificate does NOT include an ID which matches the server name
[Mon Jul 15 06:57:54.218470 2019] [ssl:warn] [pid 25767] AH01909: monitoringtb.xyz:443:0 server certificate does NOT include an ID which matches the server name
[Mon Jul 15 06:57:54.309693 2019] [ssl:warn] [pid 25770] AH01909: monitoringtb.xyz:443:0 server certificate does NOT include an ID which matches the server name
[Mon Jul 15 06:59:17.204687 2019] [ssl:warn] [pid 25864] AH01909: monitoringtb.xyz:443:0 server certificate does NOT include an ID which matches the server name
[Mon Jul 15 06:59:17.239316 2019] [ssl:warn] [pid 25867] AH01909: monitoringtb.xyz:443:0 server certificate does NOT include an ID which matches the server name
[Mon Jul 15 07:00:14.285049 2019] [ssl:warn] [pid 25867] AH01909: monitoringtb.xyz:443:0 server certificate does NOT include an ID which matches the server name
[Mon Jul 15 07:00:22.808413 2019] [ssl:warn] [pid 25867] AH01909: monitoringtb.xyz:443:0 server certificate does NOT include an ID which matches the server name
[Mon Jul 15 07:00:26.683193 2019] [ssl:warn] [pid 25867] AH01909: monitoringtb.xyz:443:0 server certificate does NOT include an ID which matches the server name
[Mon Jul 15 07:00:31.763575 2019] [ssl:warn] [pid 25867] AH01909: monitoringtb.xyz:443:0 server certificate does NOT include an ID which matches the server name
[Mon Jul 15 09:30:03.210306 2019] [php7:error] [pid 25987] [client 118.99.95.3:61254] PHP Fatal error:  Class 'App\\Model' not found in /home/skripsi/mila/app/Dokter.php on line 9, referer: https://www.monitoringtb.xyz/perawat/dashboard
[Tue Jul 16 06:25:05.515189 2019] [ssl:warn] [pid 25867] AH01909: monitoringtb.xyz:443:0 server certificate does NOT include an ID which matches the server name
[Wed Jul 17 06:25:05.064311 2019] [ssl:warn] [pid 25867] AH01909: monitoringtb.xyz:443:0 server certificate does NOT include an ID which matches the server name
[Thu Jul 18 06:25:06.196652 2019] [ssl:warn] [pid 25867] AH01909: monitoringtb.xyz:443:0 server certificate does NOT include an ID which matches the server name
[Thu Jul 18 23:26:37.563925 2019] [ssl:warn] [pid 5741] AH01909: monitoringtb.xyz:443:0 server certificate does NOT include an ID which matches the server name
[Thu Jul 18 23:26:37.648743 2019] [ssl:warn] [pid 5749] AH01909: monitoringtb.xyz:443:0 server certificate does NOT include an ID which matches the server name
[Thu Jul 18 23:26:55.281271 2019] [ssl:warn] [pid 5749] AH01909: monitoringtb.xyz:443:0 server certificate does NOT include an ID which matches the server name
[Thu Jul 18 23:27:03.022830 2019] [ssl:warn] [pid 5749] AH01909: monitoringtb.xyz:443:0 server certificate does NOT include an ID which matches the server name
[Fri Jul 19 00:00:58.918310 2019] [ssl:warn] [pid 5749] AH01909: monitoringtb.xyz:443:0 server certificate does NOT include an ID which matches the server name
[Fri Jul 19 00:01:06.674530 2019] [ssl:warn] [pid 5749] AH01909: monitoringtb.xyz:443:0 server certificate does NOT include an ID which matches the server name
[Fri Jul 19 00:01:11.823003 2019] [ssl:warn] [pid 5749] AH01909: monitoringtb.xyz:443:0 server certificate does NOT include an ID which matches the server name
[Fri Jul 19 00:01:15.058182 2019] [ssl:warn] [pid 5749] AH01909: monitoringtb.xyz:443:0 server certificate does NOT include an ID which matches the server name
[Fri Jul 19 06:25:05.838611 2019] [ssl:warn] [pid 5749] AH01909: monitoringtb.xyz:443:0 server certificate does NOT include an ID which matches the server name
[Sat Jul 20 06:25:05.130704 2019] [ssl:warn] [pid 5749] AH01909: monitoringtb.xyz:443:0 server certificate does NOT include an ID which matches the server name
[Sun Jul 21 06:25:06.846632 2019] [ssl:warn] [pid 5749] AH01909: monitoringtb.xyz:443:0 server certificate does NOT include an ID which matches the server name
[Mon Jul 22 06:25:05.571722 2019] [ssl:warn] [pid 5749] AH01909: monitoringtb.xyz:443:0 server certificate does NOT include an ID which matches the server name
[Tue Jul 23 06:25:07.254146 2019] [ssl:warn] [pid 5749] AH01909: monitoringtb.xyz:443:0 server certificate does NOT include an ID which matches the server name
[Tue Jul 23 08:20:20.960783 2019] [ssl:warn] [pid 5749] AH01909: monitoringtb.xyz:443:0 server certificate does NOT include an ID which matches the server name
[Tue Jul 23 08:20:29.011385 2019] [ssl:warn] [pid 5749] AH01909: monitoringtb.xyz:443:0 server certificate does NOT include an ID which matches the server name
[Tue Jul 23 08:20:33.223975 2019] [ssl:warn] [pid 5749] AH01909: monitoringtb.xyz:443:0 server certificate does NOT include an ID which matches the server name
[Tue Jul 23 08:20:36.923595 2019] [ssl:warn] [pid 5749] AH01909: monitoringtb.xyz:443:0 server certificate does NOT include an ID which matches the server name
[Tue Jul 23 09:42:03.362308 2019] [ssl:warn] [pid 5749] AH01909: monitoringtb.xyz:443:0 server certificate does NOT include an ID which matches the server name
[Tue Jul 23 09:42:10.735610 2019] [ssl:warn] [pid 5749] AH01909: monitoringtb.xyz:443:0 server certificate does NOT include an ID which matches the server name
[Tue Jul 23 09:42:15.417804 2019] [ssl:warn] [pid 5749] AH01909: monitoringtb.xyz:443:0 server certificate does NOT include an ID which matches the server name
[Tue Jul 23 09:42:20.777336 2019] [ssl:warn] [pid 5749] AH01909: monitoringtb.xyz:443:0 server certificate does NOT include an ID which matches the server name
[Wed Jul 24 06:25:04.112323 2019] [ssl:warn] [pid 5749] AH01909: monitoringtb.xyz:443:0 server certificate does NOT include an ID which matches the server name
[Thu Jul 25 06:25:05.515889 2019] [ssl:warn] [pid 5749] AH01909: monitoringtb.xyz:443:0 server certificate does NOT include an ID which matches the server name
[Thu Jul 25 10:51:07.292680 2019] [ssl:warn] [pid 5749] AH01909: monitoringtb.xyz:443:0 server certificate does NOT include an ID which matches the server name
[Thu Jul 25 10:51:14.987314 2019] [ssl:warn] [pid 5749] AH01909: monitoringtb.xyz:443:0 server certificate does NOT include an ID which matches the server name
[Thu Jul 25 10:51:18.675203 2019] [ssl:warn] [pid 5749] AH01909: monitoringtb.xyz:443:0 server certificate does NOT include an ID which matches the server name
[Fri Jul 26 06:25:05.734189 2019] [ssl:warn] [pid 5749] AH01909: monitoringtb.xyz:443:0 server certificate does NOT include an ID which matches the server name
[Sat Jul 27 06:25:04.217017 2019] [ssl:warn] [pid 5749] AH01909: monitoringtb.xyz:443:0 server certificate does NOT include an ID which matches the server name
[Sun Jul 28 06:25:04.514859 2019] [ssl:warn] [pid 5749] AH01909: monitoringtb.xyz:443:0 server certificate does NOT include an ID which matches the server name
